set ucliGUI::state
set ucliGUI::state
ucliCore::getToolPID
synopsys::env hasTB
trigger_hier_stack_context_switch 0
synUtils::setDVEInitPhase 1
synopsys::dump -type VPD -file /home/z/files/code/RookieSoC/inter.vpd -locking
synopsys::dump -autoflush on -fid VPD0
set ::dve_fid VPD0
synUtils::setDVEInitPhase 0
ucliCore::getToolPID
synUtils::sendTool -active _icl_setToolSocket /tmp/smlnpY0EvF0
synUtils::sendTool -active {_icl_start_rpc -version "L-2016.06_Full64" -sync_file /tmp/vcs_dve_rpc.z.11490}
synUtils::sendTool -active {_icl_createSharedMemory /tmp/vcs_dve_general.z.11490}
config endofsim noexit
config onfail enable all
config syscaddplainmembers
config syscaddsourcenames
config syscaddstructtypes
synopsys::listing -disable
tcl_source /home/z/program/Synopsys/vcs/gui/dve/auxx/gui/dve/schematic.tcl
tcl_source /home/z/program/Synopsys/vcs/gui/dve/auxx/gui/common/schematic/base.tcl
tcl_source /home/z/program/Synopsys/vcs/gui/dve/auxx/gui/common/schematic/enable.tcl
tcl_source /home/z/program/Synopsys/vcs/gui/dve/auxx/gui/common/schematic/netlist.tcl
tcl_source /home/z/program/Synopsys/vcs/gui/dve/auxx/gui/common/schematic/method.tcl
tcl_source /home/z/program/Synopsys/vcs/gui/dve/auxx/gui/common/strokes/stroke_defaults.tcl
tcl_source /home/z/program/Synopsys/vcs/gui/dve/auxx/gui/common/dialogs/ObjectListInfo.tcl
tcl_source /home/z/program/Synopsys/vcs/gui/dve/auxx/gui/common/schematic/DialogPathSchematicFanInOut.tcl
tcl_source /home/z/program/Synopsys/vcs/gui/dve/auxx/gui/dve/driversloads.tcl
if [catch {gui_sim_terminate}] {gui_sim_terminate -kill}
synopsys::finish
set ucliGUI::state
set ucliGUI::state
ucli_exit
