15:27:33    16 -->                                                             [tcl] ucliGUI::connect -toolargs -ucligui -toolexe ./simv -pid 11490 -toolin /tmp/vcs_20220517072729_11489_z..stdin -toolout /tmp/vcs_20220517072729_11489_z..stdout  
15:27:33    17 -->                                                                 [tcl] set ucliGUI::state
15:27:33    18 -->                                                                     [tcl] gui_update_simulator_buttons
15:27:35    19 -->                                                                         [tcl] set ucliGUI::state
15:27:35    20 -->                                                                             [tcl] ucliCore::getToolPID
15:27:35    21 -->                                                                                 [tcl] synopsys::env hasTB
15:27:35    22 -->                                                                                     [tcl] trigger_hier_stack_context_switch 0
15:27:35    23 -->                                                                                         [tcl] synUtils::setDVEInitPhase 1
15:27:35    24 -->                                                                                             [tcl] gui_get_env SIMSETUP::SIMVPD
15:27:35    25 --> ...  [tcl] synopsys::dump -type VPD -file /home/z/files/code/RookieSoC/inter.vpd -locking
15:27:35    26 --> ...      [tcl] synopsys::dump -autoflush on -fid VPD0
15:27:35    27 --> ...          [tcl] set ::dve_fid VPD0
15:27:35    28 --> ...              [tcl] synUtils::setDVEInitPhase 0
15:27:35    29 --> ...                  [tcl] ucliCore::getToolPID
15:27:35    30 --> ...                      [tcl] synUtils::sendTool -active _icl_setToolSocket /tmp/smlnpY0EvF0
15:27:35    31 --> ...                          [tcl] synUtils::sendTool -active {_icl_start_rpc -version "L-2016.06_Full64" -sync_file /tmp/vcs_dve_rpc.z.11490}
15:27:35    32 --> ...                              [tcl] synUtils::sendTool -active {_icl_createSharedMemory /tmp/vcs_dve_general.z.11490}
15:27:35    33 --> ...                                  [tcl] dveMisc::vbusExpand bus
15:27:35    34 --> ...                                      [tcl] config endofsim noexit
15:27:35    35 --> ...                                          [tcl] config onfail enable all
15:27:35    36 --> ...                                              [tcl] config syscaddplainmembers
15:27:35    37 --> ...                                                  [tcl] config syscaddsourcenames
15:27:35    38 --> ...                                                      [tcl] config syscaddstructtypes
15:27:35    39 --> ...                                                          [tcl] synopsys::listing -disable
15:27:39    40 --> ...                                                              [tcl] dveMisc::vbusExpand bus.bue_master_mux_0
15:27:44    41 --> ...                                                                  [tcl] tcl_source /home/z/program/Synopsys/vcs/gui/dve/auxx/gui/dve/schematic.tcl
15:27:44    42 --> ...                                                                      [tcl] tcl_source /home/z/program/Synopsys/vcs/gui/dve/auxx/gui/common/schematic/base.tcl
15:27:44    43 --> ...                                                                          [tcl] tcl_source /home/z/program/Synopsys/vcs/gui/dve/auxx/gui/common/schematic/enable.tcl
15:27:44    44 --> ...                                                                              [tcl] tcl_source /home/z/program/Synopsys/vcs/gui/dve/auxx/gui/common/schematic/netlist.tcl
15:27:44    45 --> ...                                                                                  [tcl] tcl_source /home/z/program/Synopsys/vcs/gui/dve/auxx/gui/common/schematic/method.tcl
15:27:44    46 --> ...                                                                                      [tcl] tcl_source /home/z/program/Synopsys/vcs/gui/dve/auxx/gui/common/strokes/stroke_defaults.tcl
15:27:44    47 --> ...                                                                                          [tcl] tcl_source /home/z/program/Synopsys/vcs/gui/dve/auxx/gui/common/dialogs/ObjectListInfo.tcl
15:27:44    48 --> ...                                                                                              [tcl] tcl_source /home/z/program/Synopsys/vcs/gui/dve/auxx/gui/common/schematic/DialogPathSchematicFanInOut.tcl
15:27:44    49 --> ...                                                                                                  [tcl] tcl_source /home/z/program/Synopsys/vcs/gui/dve/auxx/gui/dve/driversloads.tcl
15:29:33    50 --> ...  [tcl] if [catch {gui_sim_terminate}] {gui_sim_terminate -kill}
15:29:33    51 --> ...      [tcl] synopsys::finish
15:29:33    52 --> ...          [tcl] set ucliGUI::state
15:29:33    53 --> ...              [tcl] set ucliGUI::state
15:29:33    54 --> ...                  [tcl] catch {senv activeDomain} dveMisc::result 
15:29:33    55 --> ...                      [tcl] set dveMisc::result
15:29:33    56 --> ...                          [tcl] gui_update_simulator_buttons
15:29:33    57 --> ...                              [tcl] catch {senv activeDomain} dveMisc::result 
15:29:33    58 --> ...                                  [tcl] set dveMisc::result
15:29:33    59 --> ...                                      [tcl] ucli_exit
